<?xml version="1.0" encoding="UTF-8"?>
<testsuite name="com.ciber11.calculator11.CalculatorApplicationTests" tests="2" skipped="0" failures="0" errors="0" timestamp="2023-05-29T20:23:35" hostname="DEBDOCKER-11" time="1.074">
  <properties/>
  <testcase name="testSum()" classname="com.ciber11.calculator11.CalculatorApplicationTests" time="1.055"/>
  <testcase name="contextLoads()" classname="com.ciber11.calculator11.CalculatorApplicationTests" time="0.012"/>
  <system-out><![CDATA[22:23:28.030 [Test worker] DEBUG org.springframework.test.context.BootstrapUtils - Instantiating CacheAwareContextLoaderDelegate from class [org.springframework.test.context.cache.DefaultCacheAwareContextLoaderDelegate]
22:23:28.078 [Test worker] DEBUG org.springframework.test.context.BootstrapUtils - Instantiating BootstrapContext using constructor [public org.springframework.test.context.support.DefaultBootstrapContext(java.lang.Class,org.springframework.test.context.CacheAwareContextLoaderDelegate)]
22:23:28.238 [Test worker] DEBUG org.springframework.test.context.BootstrapUtils - Instantiating TestContextBootstrapper for test class [com.ciber11.calculator11.CalculatorApplicationTests] from class [org.springframework.boot.test.context.SpringBootTestContextBootstrapper]
22:23:28.288 [Test worker] INFO org.springframework.boot.test.context.SpringBootTestContextBootstrapper - Neither @ContextConfiguration nor @ContextHierarchy found for test class [com.ciber11.calculator11.CalculatorApplicationTests], using SpringBootContextLoader
22:23:28.313 [Test worker] DEBUG org.springframework.test.context.support.AbstractContextLoader - Did not detect default resource location for test class [com.ciber11.calculator11.CalculatorApplicationTests]: class path resource [com/ciber11/calculator11/CalculatorApplicationTests-context.xml] does not exist
22:23:28.318 [Test worker] DEBUG org.springframework.test.context.support.AbstractContextLoader - Did not detect default resource location for test class [com.ciber11.calculator11.CalculatorApplicationTests]: class path resource [com/ciber11/calculator11/CalculatorApplicationTestsContext.groovy] does not exist
22:23:28.319 [Test worker] INFO org.springframework.test.context.support.AbstractContextLoader - Could not detect default resource locations for test class [com.ciber11.calculator11.CalculatorApplicationTests]: no resource found for suffixes {-context.xml, Context.groovy}.
22:23:28.326 [Test worker] INFO org.springframework.test.context.support.AnnotationConfigContextLoaderUtils - Could not detect default configuration classes for test class [com.ciber11.calculator11.CalculatorApplicationTests]: CalculatorApplicationTests does not declare any static, non-private, non-final, nested classes annotated with @Configuration.
22:23:28.494 [Test worker] DEBUG org.springframework.test.context.support.ActiveProfilesUtils - Could not find an 'annotation declaring class' for annotation type [org.springframework.test.context.ActiveProfiles] and class [com.ciber11.calculator11.CalculatorApplicationTests]
22:23:28.759 [Test worker] DEBUG org.springframework.context.annotation.ClassPathScanningCandidateComponentProvider - Identified candidate component class: file [/home/administrador/calculator11/build/classes/java/main/com/ciber11/calculator11/Calculator11Application.class]
22:23:28.779 [Test worker] INFO org.springframework.boot.test.context.SpringBootTestContextBootstrapper - Found @SpringBootConfiguration com.ciber11.calculator11.Calculator11Application for test class com.ciber11.calculator11.CalculatorApplicationTests
22:23:29.142 [Test worker] DEBUG org.springframework.boot.test.context.SpringBootTestContextBootstrapper - @TestExecutionListeners is not present for class [com.ciber11.calculator11.CalculatorApplicationTests]: using defaults.
22:23:29.146 [Test worker] INFO org.springframework.boot.test.context.SpringBootTestContextBootstrapper - Loaded default TestExecutionListener class names from location [META-INF/spring.factories]: [org.springframework.boot.test.autoconfigure.restdocs.RestDocsTestExecutionListener, org.springframework.boot.test.autoconfigure.web.client.MockRestServiceServerResetTestExecutionListener, org.springframework.boot.test.autoconfigure.web.servlet.MockMvcPrintOnlyOnFailureTestExecutionListener, org.springframework.boot.test.autoconfigure.web.servlet.WebDriverTestExecutionListener, org.springframework.boot.test.autoconfigure.webservices.client.MockWebServiceServerTestExecutionListener, org.springframework.boot.test.mock.mockito.MockitoTestExecutionListener, org.springframework.boot.test.mock.mockito.ResetMocksTestExecutionListener, org.springframework.test.context.web.ServletTestExecutionListener, org.springframework.test.context.support.DirtiesContextBeforeModesTestExecutionListener, org.springframework.test.context.event.ApplicationEventsTestExecutionListener, org.springframework.test.context.support.DependencyInjectionTestExecutionListener, org.springframework.test.context.support.DirtiesContextTestExecutionListener, org.springframework.test.context.transaction.TransactionalTestExecutionListener, org.springframework.test.context.jdbc.SqlScriptsTestExecutionListener, org.springframework.test.context.event.EventPublishingTestExecutionListener]
22:23:29.200 [Test worker] DEBUG org.springframework.boot.test.context.SpringBootTestContextBootstrapper - Skipping candidate TestExecutionListener [org.springframework.test.context.transaction.TransactionalTestExecutionListener] due to a missing dependency. Specify custom listener classes or make the default listener classes and their required dependencies available. Offending class: [org/springframework/transaction/interceptor/TransactionAttributeSource]
22:23:29.203 [Test worker] DEBUG org.springframework.boot.test.context.SpringBootTestContextBootstrapper - Skipping candidate TestExecutionListener [org.springframework.test.context.jdbc.SqlScriptsTestExecutionListener] due to a missing dependency. Specify custom listener classes or make the default listener classes and their required dependencies available. Offending class: [org/springframework/transaction/interceptor/TransactionAttribute]
22:23:29.206 [Test worker] INFO org.springframework.boot.test.context.SpringBootTestContextBootstrapper - Using TestExecutionListeners: [org.springframework.test.context.web.ServletTestExecutionListener@1f6e6f50, org.springframework.test.context.support.DirtiesContextBeforeModesTestExecutionListener@1f7fcec2, org.springframework.test.context.event.ApplicationEventsTestExecutionListener@796cf2b5, org.springframework.boot.test.mock.mockito.MockitoTestExecutionListener@7a71ebf1, org.springframework.boot.test.autoconfigure.SpringBootDependencyInjectionTestExecutionListener@16890f00, org.springframework.test.context.support.DirtiesContextTestExecutionListener@77e1dacd, org.springframework.test.context.event.EventPublishingTestExecutionListener@690677de, org.springframework.boot.test.autoconfigure.restdocs.RestDocsTestExecutionListener@1c5d376c, org.springframework.boot.test.autoconfigure.web.client.MockRestServiceServerResetTestExecutionListener@42f2cae8, org.springframework.boot.test.autoconfigure.web.servlet.MockMvcPrintOnlyOnFailureTestExecutionListener@3bbc47c9, org.springframework.boot.test.autoconfigure.web.servlet.WebDriverTestExecutionListener@615e7fe7, org.springframework.boot.test.autoconfigure.webservices.client.MockWebServiceServerTestExecutionListener@144dc2f7, org.springframework.boot.test.mock.mockito.ResetMocksTestExecutionListener@403cff1c]
22:23:29.217 [Test worker] DEBUG org.springframework.test.context.support.AbstractDirtiesContextTestExecutionListener - Before test class: context [DefaultTestContext@5ca8c904 testClass = CalculatorApplicationTests, testInstance = [null], testMethod = [null], testException = [null], mergedContextConfiguration = [WebMergedContextConfiguration@4c614d8c testClass = CalculatorApplicationTests, locations = '{}', classes = '{class com.ciber11.calculator11.Calculator11Application}', contextInitializerClasses = '[]', activeProfiles = '{}', propertySourceLocations = '{}', propertySourceProperties = '{org.springframework.boot.test.context.SpringBootTestContextBootstrapper=true}', contextCustomizers = set[org.springframework.boot.test.autoconfigure.actuate.metrics.MetricsExportContextCustomizerFactory$DisableMetricExportContextCustomizer@4f5c30b1, org.springframework.boot.test.autoconfigure.properties.PropertyMappingContextCustomizer@0, org.springframework.boot.test.autoconfigure.web.servlet.WebDriverContextCustomizerFactory$Customizer@423f8a73, org.springframework.boot.test.context.filter.ExcludeFilterContextCustomizer@5844a2d1, org.springframework.boot.test.json.DuplicateJsonObjectContextCustomizerFactory$DuplicateJsonObjectContextCustomizer@6bb4cc0e, org.springframework.boot.test.mock.mockito.MockitoContextCustomizer@0, org.springframework.boot.test.web.client.TestRestTemplateContextCustomizer@27bcb4ad, org.springframework.boot.test.context.SpringBootTestArgs@1, org.springframework.boot.test.context.SpringBootTestWebEnvironment@35178483], resourceBasePath = 'src/main/webapp', contextLoader = 'org.springframework.boot.test.context.SpringBootContextLoader', parent = [null]], attributes = map['org.springframework.test.context.web.ServletTestExecutionListener.activateListener' -> true]], class annotated with @DirtiesContext [false] with mode [null].

  .   ____          _            __ _ _
 /\\ / ___'_ __ _ _(_)_ __  __ _ \ \ \ \
( ( )\___ | '_ | '_| | '_ \/ _` | \ \ \ \
 \\/  ___)| |_)| | | | | || (_| |  ) ) ) )
  '  |____| .__|_| |_|_| |_\__, | / / / /
 =========|_|==============|___/=/_/_/_/
 :: Spring Boot ::               (v2.7.12)

2023-05-29 22:23:30.326  INFO 19048 --- [    Test worker] c.c.c.CalculatorApplicationTests         : Starting CalculatorApplicationTests using Java 11.0.18 on DEBDOCKER-11 with PID 19048 (started by administrador in /home/administrador/calculator11)
2023-05-29 22:23:30.329  INFO 19048 --- [    Test worker] c.c.c.CalculatorApplicationTests         : No active profile set, falling back to 1 default profile: "default"
2023-05-29 22:23:35.527  INFO 19048 --- [    Test worker] c.c.c.CalculatorApplicationTests         : Started CalculatorApplicationTests in 6.178 seconds (JVM running for 10.359)
]]></system-out>
  <system-err><![CDATA[]]></system-err>
</testsuite>
